<?xml version="1.0" encoding="UTF-8"?>
<!-- Generated by org.testng.reporters.JUnitReportReporter -->
<testsuite ignored="1" hostname="ip-190-10-1-146.ap-south-1.compute.internal" failures="0" tests="1" name="com.junkin.MySampleTest" time="0.212" errors="0" timestamp="21 Sep 2023 05:53:31 GMT" skipped="0">
  <testcase classname="com.junkin.MySampleTest" name="testEntity" time="0.212"/>
  <testcase classname="com.junkin.MySampleYamlTest" name="testViaCatalog">
    <skipped/>
  </testcase> <!-- testViaCatalog -->
</testsuite> <!-- com.junkin.MySampleTest -->
